  [1m[35m (252.5ms)[0m  [1m[35mCREATE DATABASE "FirstController_development" ENCODING = 'unicode'[0m
  ↳ bin/rails:9
  [1m[35m (242.1ms)[0m  [1m[35mCREATE DATABASE "FirstController_test" ENCODING = 'unicode'[0m
  ↳ bin/rails:9
Started GET "/" for ::1 at 2019-09-25 14:36:59 -0700
Processing by Rails::WelcomeController#index as HTML
  Rendering /Users/appacademy/.rbenv/versions/2.5.1/lib/ruby/gems/2.5.0/gems/railties-5.2.3/lib/rails/templates/rails/welcome/index.html.erb
  Rendered /Users/appacademy/.rbenv/versions/2.5.1/lib/ruby/gems/2.5.0/gems/railties-5.2.3/lib/rails/templates/rails/welcome/index.html.erb (4.8ms)
Completed 200 OK in 25ms (Views: 17.5ms | ActiveRecord: 0.0ms)


Started GET "/" for ::1 at 2019-09-25 14:39:45 -0700
Processing by Rails::WelcomeController#index as */*
  Rendering /Users/appacademy/.rbenv/versions/2.5.1/lib/ruby/gems/2.5.0/gems/railties-5.2.3/lib/rails/templates/rails/welcome/index.html.erb
  Rendered /Users/appacademy/.rbenv/versions/2.5.1/lib/ruby/gems/2.5.0/gems/railties-5.2.3/lib/rails/templates/rails/welcome/index.html.erb (4.4ms)
Completed 200 OK in 132ms (Views: 60.2ms | ActiveRecord: 0.0ms)


Started GET "/user" for ::1 at 2019-09-25 14:40:06 -0700
  
ActionController::RoutingError (No route matches [GET] "/user"):
  
actionpack (5.2.3) lib/action_dispatch/middleware/debug_exceptions.rb:65:in `call'
web-console (3.7.0) lib/web_console/middleware.rb:135:in `call_app'
web-console (3.7.0) lib/web_console/middleware.rb:30:in `block in call'
web-console (3.7.0) lib/web_console/middleware.rb:20:in `catch'
web-console (3.7.0) lib/web_console/middleware.rb:20:in `call'
actionpack (5.2.3) lib/action_dispatch/middleware/show_exceptions.rb:33:in `call'
railties (5.2.3) lib/rails/rack/logger.rb:38:in `call_app'
railties (5.2.3) lib/rails/rack/logger.rb:26:in `block in call'
activesupport (5.2.3) lib/active_support/tagged_logging.rb:71:in `block in tagged'
activesupport (5.2.3) lib/active_support/tagged_logging.rb:28:in `tagged'
activesupport (5.2.3) lib/active_support/tagged_logging.rb:71:in `tagged'
railties (5.2.3) lib/rails/rack/logger.rb:26:in `call'
sprockets-rails (3.2.1) lib/sprockets/rails/quiet_assets.rb:13:in `call'
actionpack (5.2.3) lib/action_dispatch/middleware/remote_ip.rb:81:in `call'
actionpack (5.2.3) lib/action_dispatch/middleware/request_id.rb:27:in `call'
rack (2.0.7) lib/rack/method_override.rb:22:in `call'
rack (2.0.7) lib/rack/runtime.rb:22:in `call'
activesupport (5.2.3) lib/active_support/cache/strategy/local_cache_middleware.rb:29:in `call'
actionpack (5.2.3) lib/action_dispatch/middleware/executor.rb:14:in `call'
actionpack (5.2.3) lib/action_dispatch/middleware/static.rb:127:in `call'
rack (2.0.7) lib/rack/sendfile.rb:111:in `call'
railties (5.2.3) lib/rails/engine.rb:524:in `call'
puma (3.12.1) lib/puma/configuration.rb:227:in `call'
puma (3.12.1) lib/puma/server.rb:660:in `handle_request'
puma (3.12.1) lib/puma/server.rb:474:in `process_client'
puma (3.12.1) lib/puma/server.rb:334:in `block in run'
puma (3.12.1) lib/puma/thread_pool.rb:135:in `block in spawn_thread'
Started GET "/user" for ::1 at 2019-09-25 14:41:43 -0700
  
ActionController::RoutingError (No route matches [GET] "/user"):
  
actionpack (5.2.3) lib/action_dispatch/middleware/debug_exceptions.rb:65:in `call'
web-console (3.7.0) lib/web_console/middleware.rb:135:in `call_app'
web-console (3.7.0) lib/web_console/middleware.rb:30:in `block in call'
web-console (3.7.0) lib/web_console/middleware.rb:20:in `catch'
web-console (3.7.0) lib/web_console/middleware.rb:20:in `call'
actionpack (5.2.3) lib/action_dispatch/middleware/show_exceptions.rb:33:in `call'
railties (5.2.3) lib/rails/rack/logger.rb:38:in `call_app'
railties (5.2.3) lib/rails/rack/logger.rb:26:in `block in call'
activesupport (5.2.3) lib/active_support/tagged_logging.rb:71:in `block in tagged'
activesupport (5.2.3) lib/active_support/tagged_logging.rb:28:in `tagged'
activesupport (5.2.3) lib/active_support/tagged_logging.rb:71:in `tagged'
railties (5.2.3) lib/rails/rack/logger.rb:26:in `call'
sprockets-rails (3.2.1) lib/sprockets/rails/quiet_assets.rb:13:in `call'
actionpack (5.2.3) lib/action_dispatch/middleware/remote_ip.rb:81:in `call'
actionpack (5.2.3) lib/action_dispatch/middleware/request_id.rb:27:in `call'
rack (2.0.7) lib/rack/method_override.rb:22:in `call'
rack (2.0.7) lib/rack/runtime.rb:22:in `call'
activesupport (5.2.3) lib/active_support/cache/strategy/local_cache_middleware.rb:29:in `call'
actionpack (5.2.3) lib/action_dispatch/middleware/executor.rb:14:in `call'
actionpack (5.2.3) lib/action_dispatch/middleware/static.rb:127:in `call'
rack (2.0.7) lib/rack/sendfile.rb:111:in `call'
railties (5.2.3) lib/rails/engine.rb:524:in `call'
puma (3.12.1) lib/puma/configuration.rb:227:in `call'
puma (3.12.1) lib/puma/server.rb:660:in `handle_request'
puma (3.12.1) lib/puma/server.rb:474:in `process_client'
puma (3.12.1) lib/puma/server.rb:334:in `block in run'
puma (3.12.1) lib/puma/thread_pool.rb:135:in `block in spawn_thread'
Started GET "/users" for ::1 at 2019-09-25 14:41:52 -0700
Processing by UsersController#index as */*
No template found for UsersController#index, rendering head :no_content
Completed 204 No Content in 193ms (ActiveRecord: 0.0ms)


Started GET "/users" for ::1 at 2019-09-25 14:42:24 -0700
Processing by UsersController#index as HTML
Completed 406 Not Acceptable in 198ms (ActiveRecord: 0.0ms)


  
ActionController::UnknownFormat (UsersController#index is missing a template for this request format and variant.

request.formats: ["text/html"]
request.variant: []

NOTE! For XHR/Ajax or API requests, this action would normally respond with 204 No Content: an empty white screen. Since you're loading it in a web browser, we assume that you expected to actually render a template, not nothing, so we're showing an error to be extra-clear. If you expect 204 No Content, carry on. That's what you'll get from an XHR or API request. Give it a shot.):
  
actionpack (5.2.3) lib/action_controller/metal/implicit_render.rb:55:in `default_render'
actionpack (5.2.3) lib/action_controller/metal/basic_implicit_render.rb:6:in `block in send_action'
actionpack (5.2.3) lib/action_controller/metal/basic_implicit_render.rb:6:in `tap'
actionpack (5.2.3) lib/action_controller/metal/basic_implicit_render.rb:6:in `send_action'
actionpack (5.2.3) lib/abstract_controller/base.rb:194:in `process_action'
actionpack (5.2.3) lib/action_controller/metal/rendering.rb:30:in `process_action'
actionpack (5.2.3) lib/abstract_controller/callbacks.rb:42:in `block in process_action'
activesupport (5.2.3) lib/active_support/callbacks.rb:98:in `run_callbacks'
actionpack (5.2.3) lib/abstract_controller/callbacks.rb:41:in `process_action'
actionpack (5.2.3) lib/action_controller/metal/rescue.rb:22:in `process_action'
actionpack (5.2.3) lib/action_controller/metal/instrumentation.rb:34:in `block in process_action'
activesupport (5.2.3) lib/active_support/notifications.rb:168:in `block in instrument'
activesupport (5.2.3) lib/active_support/notifications/instrumenter.rb:23:in `instrument'
activesupport (5.2.3) lib/active_support/notifications.rb:168:in `instrument'
actionpack (5.2.3) lib/action_controller/metal/instrumentation.rb:32:in `process_action'
actionpack (5.2.3) lib/action_controller/metal/params_wrapper.rb:256:in `process_action'
activerecord (5.2.3) lib/active_record/railties/controller_runtime.rb:24:in `process_action'
actionpack (5.2.3) lib/abstract_controller/base.rb:134:in `process'
actionview (5.2.3) lib/action_view/rendering.rb:32:in `process'
actionpack (5.2.3) lib/action_controller/metal.rb:191:in `dispatch'
actionpack (5.2.3) lib/action_controller/metal.rb:252:in `dispatch'
actionpack (5.2.3) lib/action_dispatch/routing/route_set.rb:52:in `dispatch'
actionpack (5.2.3) lib/action_dispatch/routing/route_set.rb:34:in `serve'
actionpack (5.2.3) lib/action_dispatch/journey/router.rb:52:in `block in serve'
actionpack (5.2.3) lib/action_dispatch/journey/router.rb:35:in `each'
actionpack (5.2.3) lib/action_dispatch/journey/router.rb:35:in `serve'
actionpack (5.2.3) lib/action_dispatch/routing/route_set.rb:840:in `call'
rack (2.0.7) lib/rack/tempfile_reaper.rb:15:in `call'
rack (2.0.7) lib/rack/etag.rb:25:in `call'
rack (2.0.7) lib/rack/conditional_get.rb:25:in `call'
rack (2.0.7) lib/rack/head.rb:12:in `call'
actionpack (5.2.3) lib/action_dispatch/http/content_security_policy.rb:18:in `call'
rack (2.0.7) lib/rack/session/abstract/id.rb:232:in `context'
rack (2.0.7) lib/rack/session/abstract/id.rb:226:in `call'
actionpack (5.2.3) lib/action_dispatch/middleware/cookies.rb:670:in `call'
activerecord (5.2.3) lib/active_record/migration.rb:559:in `call'
actionpack (5.2.3) lib/action_dispatch/middleware/callbacks.rb:28:in `block in call'
activesupport (5.2.3) lib/active_support/callbacks.rb:98:in `run_callbacks'
actionpack (5.2.3) lib/action_dispatch/middleware/callbacks.rb:26:in `call'
actionpack (5.2.3) lib/action_dispatch/middleware/executor.rb:14:in `call'
actionpack (5.2.3) lib/action_dispatch/middleware/debug_exceptions.rb:61:in `call'
web-console (3.7.0) lib/web_console/middleware.rb:135:in `call_app'
web-console (3.7.0) lib/web_console/middleware.rb:30:in `block in call'
web-console (3.7.0) lib/web_console/middleware.rb:20:in `catch'
web-console (3.7.0) lib/web_console/middleware.rb:20:in `call'
actionpack (5.2.3) lib/action_dispatch/middleware/show_exceptions.rb:33:in `call'
railties (5.2.3) lib/rails/rack/logger.rb:38:in `call_app'
railties (5.2.3) lib/rails/rack/logger.rb:26:in `block in call'
activesupport (5.2.3) lib/active_support/tagged_logging.rb:71:in `block in tagged'
activesupport (5.2.3) lib/active_support/tagged_logging.rb:28:in `tagged'
activesupport (5.2.3) lib/active_support/tagged_logging.rb:71:in `tagged'
railties (5.2.3) lib/rails/rack/logger.rb:26:in `call'
sprockets-rails (3.2.1) lib/sprockets/rails/quiet_assets.rb:13:in `call'
actionpack (5.2.3) lib/action_dispatch/middleware/remote_ip.rb:81:in `call'
actionpack (5.2.3) lib/action_dispatch/middleware/request_id.rb:27:in `call'
rack (2.0.7) lib/rack/method_override.rb:22:in `call'
rack (2.0.7) lib/rack/runtime.rb:22:in `call'
activesupport (5.2.3) lib/active_support/cache/strategy/local_cache_middleware.rb:29:in `call'
actionpack (5.2.3) lib/action_dispatch/middleware/executor.rb:14:in `call'
actionpack (5.2.3) lib/action_dispatch/middleware/static.rb:127:in `call'
rack (2.0.7) lib/rack/sendfile.rb:111:in `call'
railties (5.2.3) lib/rails/engine.rb:524:in `call'
puma (3.12.1) lib/puma/configuration.rb:227:in `call'
puma (3.12.1) lib/puma/server.rb:660:in `handle_request'
puma (3.12.1) lib/puma/server.rb:474:in `process_client'
puma (3.12.1) lib/puma/server.rb:334:in `block in run'
puma (3.12.1) lib/puma/thread_pool.rb:135:in `block in spawn_thread'
Started GET "/users" for ::1 at 2019-09-25 14:44:50 -0700
Processing by UsersController#index as */*
  Rendering text template
  Rendered text template (0.0ms)
Completed 200 OK in 2ms (Views: 1.7ms | ActiveRecord: 0.0ms)


Started GET "/users?fav_food=pizza" for ::1 at 2019-09-25 14:46:15 -0700
Processing by UsersController#index as */*
  Parameters: {"fav_food"=>"pizza"}
  Rendering text template
  Rendered text template (0.0ms)
Completed 200 OK in 1ms (Views: 0.6ms | ActiveRecord: 0.0ms)


Started POST "/users?fav_food=pizza" for ::1 at 2019-09-25 14:47:32 -0700
  
AbstractController::ActionNotFound (The action 'create' could not be found for UsersController):
  
actionpack (5.2.3) lib/abstract_controller/base.rb:129:in `process'
actionview (5.2.3) lib/action_view/rendering.rb:32:in `process'
actionpack (5.2.3) lib/action_controller/metal.rb:191:in `dispatch'
actionpack (5.2.3) lib/action_controller/metal.rb:252:in `dispatch'
actionpack (5.2.3) lib/action_dispatch/routing/route_set.rb:52:in `dispatch'
actionpack (5.2.3) lib/action_dispatch/routing/route_set.rb:34:in `serve'
actionpack (5.2.3) lib/action_dispatch/journey/router.rb:52:in `block in serve'
actionpack (5.2.3) lib/action_dispatch/journey/router.rb:35:in `each'
actionpack (5.2.3) lib/action_dispatch/journey/router.rb:35:in `serve'
actionpack (5.2.3) lib/action_dispatch/routing/route_set.rb:840:in `call'
rack (2.0.7) lib/rack/tempfile_reaper.rb:15:in `call'
rack (2.0.7) lib/rack/etag.rb:25:in `call'
rack (2.0.7) lib/rack/conditional_get.rb:38:in `call'
rack (2.0.7) lib/rack/head.rb:12:in `call'
actionpack (5.2.3) lib/action_dispatch/http/content_security_policy.rb:18:in `call'
rack (2.0.7) lib/rack/session/abstract/id.rb:232:in `context'
rack (2.0.7) lib/rack/session/abstract/id.rb:226:in `call'
actionpack (5.2.3) lib/action_dispatch/middleware/cookies.rb:670:in `call'
activerecord (5.2.3) lib/active_record/migration.rb:559:in `call'
actionpack (5.2.3) lib/action_dispatch/middleware/callbacks.rb:28:in `block in call'
activesupport (5.2.3) lib/active_support/callbacks.rb:98:in `run_callbacks'
actionpack (5.2.3) lib/action_dispatch/middleware/callbacks.rb:26:in `call'
actionpack (5.2.3) lib/action_dispatch/middleware/executor.rb:14:in `call'
actionpack (5.2.3) lib/action_dispatch/middleware/debug_exceptions.rb:61:in `call'
web-console (3.7.0) lib/web_console/middleware.rb:135:in `call_app'
web-console (3.7.0) lib/web_console/middleware.rb:30:in `block in call'
web-console (3.7.0) lib/web_console/middleware.rb:20:in `catch'
web-console (3.7.0) lib/web_console/middleware.rb:20:in `call'
actionpack (5.2.3) lib/action_dispatch/middleware/show_exceptions.rb:33:in `call'
railties (5.2.3) lib/rails/rack/logger.rb:38:in `call_app'
railties (5.2.3) lib/rails/rack/logger.rb:26:in `block in call'
activesupport (5.2.3) lib/active_support/tagged_logging.rb:71:in `block in tagged'
activesupport (5.2.3) lib/active_support/tagged_logging.rb:28:in `tagged'
activesupport (5.2.3) lib/active_support/tagged_logging.rb:71:in `tagged'
railties (5.2.3) lib/rails/rack/logger.rb:26:in `call'
sprockets-rails (3.2.1) lib/sprockets/rails/quiet_assets.rb:13:in `call'
actionpack (5.2.3) lib/action_dispatch/middleware/remote_ip.rb:81:in `call'
actionpack (5.2.3) lib/action_dispatch/middleware/request_id.rb:27:in `call'
rack (2.0.7) lib/rack/method_override.rb:22:in `call'
rack (2.0.7) lib/rack/runtime.rb:22:in `call'
activesupport (5.2.3) lib/active_support/cache/strategy/local_cache_middleware.rb:29:in `call'
actionpack (5.2.3) lib/action_dispatch/middleware/executor.rb:14:in `call'
actionpack (5.2.3) lib/action_dispatch/middleware/static.rb:127:in `call'
rack (2.0.7) lib/rack/sendfile.rb:111:in `call'
railties (5.2.3) lib/rails/engine.rb:524:in `call'
puma (3.12.1) lib/puma/configuration.rb:227:in `call'
puma (3.12.1) lib/puma/server.rb:660:in `handle_request'
puma (3.12.1) lib/puma/server.rb:474:in `process_client'
puma (3.12.1) lib/puma/server.rb:334:in `block in run'
puma (3.12.1) lib/puma/thread_pool.rb:135:in `block in spawn_thread'
Started POST "/users?fav_food=pizza" for ::1 at 2019-09-25 14:48:22 -0700
Processing by UsersController#create as */*
  Parameters: {"admin"=>"true", "fav_food"=>"pizza"}
Completed 200 OK in 1ms (Views: 0.4ms | ActiveRecord: 0.0ms)


Started POST "/users/2" for ::1 at 2019-09-25 14:49:49 -0700
  
ActionController::RoutingError (No route matches [POST] "/users/2"):
  
actionpack (5.2.3) lib/action_dispatch/middleware/debug_exceptions.rb:65:in `call'
web-console (3.7.0) lib/web_console/middleware.rb:135:in `call_app'
web-console (3.7.0) lib/web_console/middleware.rb:30:in `block in call'
web-console (3.7.0) lib/web_console/middleware.rb:20:in `catch'
web-console (3.7.0) lib/web_console/middleware.rb:20:in `call'
actionpack (5.2.3) lib/action_dispatch/middleware/show_exceptions.rb:33:in `call'
railties (5.2.3) lib/rails/rack/logger.rb:38:in `call_app'
railties (5.2.3) lib/rails/rack/logger.rb:26:in `block in call'
activesupport (5.2.3) lib/active_support/tagged_logging.rb:71:in `block in tagged'
activesupport (5.2.3) lib/active_support/tagged_logging.rb:28:in `tagged'
activesupport (5.2.3) lib/active_support/tagged_logging.rb:71:in `tagged'
railties (5.2.3) lib/rails/rack/logger.rb:26:in `call'
sprockets-rails (3.2.1) lib/sprockets/rails/quiet_assets.rb:13:in `call'
actionpack (5.2.3) lib/action_dispatch/middleware/remote_ip.rb:81:in `call'
actionpack (5.2.3) lib/action_dispatch/middleware/request_id.rb:27:in `call'
rack (2.0.7) lib/rack/method_override.rb:22:in `call'
rack (2.0.7) lib/rack/runtime.rb:22:in `call'
activesupport (5.2.3) lib/active_support/cache/strategy/local_cache_middleware.rb:29:in `call'
actionpack (5.2.3) lib/action_dispatch/middleware/executor.rb:14:in `call'
actionpack (5.2.3) lib/action_dispatch/middleware/static.rb:127:in `call'
rack (2.0.7) lib/rack/sendfile.rb:111:in `call'
railties (5.2.3) lib/rails/engine.rb:524:in `call'
puma (3.12.1) lib/puma/configuration.rb:227:in `call'
puma (3.12.1) lib/puma/server.rb:660:in `handle_request'
puma (3.12.1) lib/puma/server.rb:474:in `process_client'
puma (3.12.1) lib/puma/server.rb:334:in `block in run'
puma (3.12.1) lib/puma/thread_pool.rb:135:in `block in spawn_thread'
Started GET "/users/2" for ::1 at 2019-09-25 14:50:37 -0700
  
AbstractController::ActionNotFound (The action 'show' could not be found for UsersController):
  
actionpack (5.2.3) lib/abstract_controller/base.rb:129:in `process'
actionview (5.2.3) lib/action_view/rendering.rb:32:in `process'
actionpack (5.2.3) lib/action_controller/metal.rb:191:in `dispatch'
actionpack (5.2.3) lib/action_controller/metal.rb:252:in `dispatch'
actionpack (5.2.3) lib/action_dispatch/routing/route_set.rb:52:in `dispatch'
actionpack (5.2.3) lib/action_dispatch/routing/route_set.rb:34:in `serve'
actionpack (5.2.3) lib/action_dispatch/journey/router.rb:52:in `block in serve'
actionpack (5.2.3) lib/action_dispatch/journey/router.rb:35:in `each'
actionpack (5.2.3) lib/action_dispatch/journey/router.rb:35:in `serve'
actionpack (5.2.3) lib/action_dispatch/routing/route_set.rb:840:in `call'
rack (2.0.7) lib/rack/tempfile_reaper.rb:15:in `call'
rack (2.0.7) lib/rack/etag.rb:25:in `call'
rack (2.0.7) lib/rack/conditional_get.rb:25:in `call'
rack (2.0.7) lib/rack/head.rb:12:in `call'
actionpack (5.2.3) lib/action_dispatch/http/content_security_policy.rb:18:in `call'
rack (2.0.7) lib/rack/session/abstract/id.rb:232:in `context'
rack (2.0.7) lib/rack/session/abstract/id.rb:226:in `call'
actionpack (5.2.3) lib/action_dispatch/middleware/cookies.rb:670:in `call'
activerecord (5.2.3) lib/active_record/migration.rb:559:in `call'
actionpack (5.2.3) lib/action_dispatch/middleware/callbacks.rb:28:in `block in call'
activesupport (5.2.3) lib/active_support/callbacks.rb:98:in `run_callbacks'
actionpack (5.2.3) lib/action_dispatch/middleware/callbacks.rb:26:in `call'
actionpack (5.2.3) lib/action_dispatch/middleware/executor.rb:14:in `call'
actionpack (5.2.3) lib/action_dispatch/middleware/debug_exceptions.rb:61:in `call'
web-console (3.7.0) lib/web_console/middleware.rb:135:in `call_app'
web-console (3.7.0) lib/web_console/middleware.rb:30:in `block in call'
web-console (3.7.0) lib/web_console/middleware.rb:20:in `catch'
web-console (3.7.0) lib/web_console/middleware.rb:20:in `call'
actionpack (5.2.3) lib/action_dispatch/middleware/show_exceptions.rb:33:in `call'
railties (5.2.3) lib/rails/rack/logger.rb:38:in `call_app'
railties (5.2.3) lib/rails/rack/logger.rb:26:in `block in call'
activesupport (5.2.3) lib/active_support/tagged_logging.rb:71:in `block in tagged'
activesupport (5.2.3) lib/active_support/tagged_logging.rb:28:in `tagged'
activesupport (5.2.3) lib/active_support/tagged_logging.rb:71:in `tagged'
railties (5.2.3) lib/rails/rack/logger.rb:26:in `call'
sprockets-rails (3.2.1) lib/sprockets/rails/quiet_assets.rb:13:in `call'
actionpack (5.2.3) lib/action_dispatch/middleware/remote_ip.rb:81:in `call'
actionpack (5.2.3) lib/action_dispatch/middleware/request_id.rb:27:in `call'
rack (2.0.7) lib/rack/method_override.rb:22:in `call'
rack (2.0.7) lib/rack/runtime.rb:22:in `call'
activesupport (5.2.3) lib/active_support/cache/strategy/local_cache_middleware.rb:29:in `call'
actionpack (5.2.3) lib/action_dispatch/middleware/executor.rb:14:in `call'
actionpack (5.2.3) lib/action_dispatch/middleware/static.rb:127:in `call'
rack (2.0.7) lib/rack/sendfile.rb:111:in `call'
railties (5.2.3) lib/rails/engine.rb:524:in `call'
puma (3.12.1) lib/puma/configuration.rb:227:in `call'
puma (3.12.1) lib/puma/server.rb:660:in `handle_request'
puma (3.12.1) lib/puma/server.rb:474:in `process_client'
puma (3.12.1) lib/puma/server.rb:334:in `block in run'
puma (3.12.1) lib/puma/thread_pool.rb:135:in `block in spawn_thread'
Started GET "/users/2" for ::1 at 2019-09-25 14:51:20 -0700
Processing by UsersController#show as */*
  Parameters: {"admin"=>"true", "id"=>"2"}
Completed 200 OK in 1ms (Views: 0.4ms | ActiveRecord: 0.0ms)


Started GET "/users/2" for ::1 at 2019-09-25 14:54:09 -0700
Processing by UsersController#show as */*
  Parameters: {"some_category"=>{"a_key"=>" another value", "a_second_key"=>"yet another value"}, "id"=>"2"}
Completed 200 OK in 1ms (Views: 0.3ms | ActiveRecord: 0.0ms)


Started GET "/users/2" for ::1 at 2019-09-25 14:54:32 -0700
Processing by UsersController#show as */*
  Parameters: {"some_category"=>{"a_key"=>" another value", "a_second_key"=>"yet another value", "inner_inner_hash"=>{"key"=>"value"}}, "id"=>"2"}
Completed 200 OK in 1ms (Views: 0.5ms | ActiveRecord: 0.0ms)


Started GET "/users/2" for ::1 at 2019-09-25 14:54:51 -0700
Processing by UsersController#show as */*
  Parameters: {"some_category"=>{"a_key"=>" another value", "a_second_key"=>"yet another value", "inner_inner_hash"=>{"key"=>{"test"=>"value"}}}, "id"=>"2"}
Completed 200 OK in 1ms (Views: 0.4ms | ActiveRecord: 0.0ms)


Started POST "/users/2" for ::1 at 2019-09-25 14:55:23 -0700
  
ActionController::RoutingError (No route matches [POST] "/users/2"):
  
actionpack (5.2.3) lib/action_dispatch/middleware/debug_exceptions.rb:65:in `call'
web-console (3.7.0) lib/web_console/middleware.rb:135:in `call_app'
web-console (3.7.0) lib/web_console/middleware.rb:30:in `block in call'
web-console (3.7.0) lib/web_console/middleware.rb:20:in `catch'
web-console (3.7.0) lib/web_console/middleware.rb:20:in `call'
actionpack (5.2.3) lib/action_dispatch/middleware/show_exceptions.rb:33:in `call'
railties (5.2.3) lib/rails/rack/logger.rb:38:in `call_app'
railties (5.2.3) lib/rails/rack/logger.rb:26:in `block in call'
activesupport (5.2.3) lib/active_support/tagged_logging.rb:71:in `block in tagged'
activesupport (5.2.3) lib/active_support/tagged_logging.rb:28:in `tagged'
activesupport (5.2.3) lib/active_support/tagged_logging.rb:71:in `tagged'
railties (5.2.3) lib/rails/rack/logger.rb:26:in `call'
sprockets-rails (3.2.1) lib/sprockets/rails/quiet_assets.rb:13:in `call'
actionpack (5.2.3) lib/action_dispatch/middleware/remote_ip.rb:81:in `call'
actionpack (5.2.3) lib/action_dispatch/middleware/request_id.rb:27:in `call'
rack (2.0.7) lib/rack/method_override.rb:22:in `call'
rack (2.0.7) lib/rack/runtime.rb:22:in `call'
activesupport (5.2.3) lib/active_support/cache/strategy/local_cache_middleware.rb:29:in `call'
actionpack (5.2.3) lib/action_dispatch/middleware/executor.rb:14:in `call'
actionpack (5.2.3) lib/action_dispatch/middleware/static.rb:127:in `call'
rack (2.0.7) lib/rack/sendfile.rb:111:in `call'
railties (5.2.3) lib/rails/engine.rb:524:in `call'
puma (3.12.1) lib/puma/configuration.rb:227:in `call'
puma (3.12.1) lib/puma/server.rb:660:in `handle_request'
puma (3.12.1) lib/puma/server.rb:474:in `process_client'
puma (3.12.1) lib/puma/server.rb:334:in `block in run'
puma (3.12.1) lib/puma/thread_pool.rb:135:in `block in spawn_thread'
Started POST "/users/new" for ::1 at 2019-09-25 14:55:50 -0700
  
ActionController::RoutingError (No route matches [POST] "/users/new"):
  
actionpack (5.2.3) lib/action_dispatch/middleware/debug_exceptions.rb:65:in `call'
web-console (3.7.0) lib/web_console/middleware.rb:135:in `call_app'
web-console (3.7.0) lib/web_console/middleware.rb:30:in `block in call'
web-console (3.7.0) lib/web_console/middleware.rb:20:in `catch'
web-console (3.7.0) lib/web_console/middleware.rb:20:in `call'
actionpack (5.2.3) lib/action_dispatch/middleware/show_exceptions.rb:33:in `call'
railties (5.2.3) lib/rails/rack/logger.rb:38:in `call_app'
railties (5.2.3) lib/rails/rack/logger.rb:26:in `block in call'
activesupport (5.2.3) lib/active_support/tagged_logging.rb:71:in `block in tagged'
activesupport (5.2.3) lib/active_support/tagged_logging.rb:28:in `tagged'
activesupport (5.2.3) lib/active_support/tagged_logging.rb:71:in `tagged'
railties (5.2.3) lib/rails/rack/logger.rb:26:in `call'
sprockets-rails (3.2.1) lib/sprockets/rails/quiet_assets.rb:13:in `call'
actionpack (5.2.3) lib/action_dispatch/middleware/remote_ip.rb:81:in `call'
actionpack (5.2.3) lib/action_dispatch/middleware/request_id.rb:27:in `call'
rack (2.0.7) lib/rack/method_override.rb:22:in `call'
rack (2.0.7) lib/rack/runtime.rb:22:in `call'
activesupport (5.2.3) lib/active_support/cache/strategy/local_cache_middleware.rb:29:in `call'
actionpack (5.2.3) lib/action_dispatch/middleware/executor.rb:14:in `call'
actionpack (5.2.3) lib/action_dispatch/middleware/static.rb:127:in `call'
rack (2.0.7) lib/rack/sendfile.rb:111:in `call'
railties (5.2.3) lib/rails/engine.rb:524:in `call'
puma (3.12.1) lib/puma/configuration.rb:227:in `call'
puma (3.12.1) lib/puma/server.rb:660:in `handle_request'
puma (3.12.1) lib/puma/server.rb:474:in `process_client'
puma (3.12.1) lib/puma/server.rb:334:in `block in run'
puma (3.12.1) lib/puma/thread_pool.rb:135:in `block in spawn_thread'
Started POST "/users" for ::1 at 2019-09-25 14:56:13 -0700
Processing by UsersController#create as */*
  Parameters: {"some_category"=>{"a_key"=>" another value", "a_second_key"=>"yet another value", "inner_inner_hash"=>{"key"=>{"test"=>"value"}}}}
Completed 200 OK in 1ms (Views: 0.4ms | ActiveRecord: 0.0ms)


  [1m[35m (7.3ms)[0m  [1m[35mCREATE TABLE "schema_migrations" ("version" character varying NOT NULL PRIMARY KEY)[0m
  ↳ bin/rails:9
  [1m[35m (3.9ms)[0m  [1m[35mCREATE TABLE "ar_internal_metadata" ("key" character varying NOT NULL PRIMARY KEY, "value" character varying, "created_at" timestamp NOT NULL, "updated_at" timestamp NOT NULL)[0m
  ↳ bin/rails:9
  [1m[35m (0.9ms)[0m  [1m[34mSELECT pg_try_advisory_lock(3720332768348667345)[0m
  ↳ bin/rails:9
  [1m[35m (0.7ms)[0m  [1m[34mSELECT "schema_migrations"."version" FROM "schema_migrations" ORDER BY "schema_migrations"."version" ASC[0m
  ↳ bin/rails:9
Migrating to CreateUsers (20190925215802)
  [1m[35m (0.2ms)[0m  [1m[35mBEGIN[0m
  ↳ bin/rails:9
  [1m[35m (5.3ms)[0m  [1m[35mCREATE TABLE "users" ("id" bigserial primary key, "name" character varying NOT NULL, "email" character varying NOT NULL, "created_at" timestamp NOT NULL, "updated_at" timestamp NOT NULL)[0m
  ↳ db/migrate/20190925215802_create_users.rb:3
  [1m[36mActiveRecord::SchemaMigration Create (0.6ms)[0m  [1m[32mINSERT INTO "schema_migrations" ("version") VALUES ($1) RETURNING "version"[0m  [["version", "20190925215802"]]
  ↳ bin/rails:9
  [1m[35m (0.5ms)[0m  [1m[35mCOMMIT[0m
  ↳ bin/rails:9
  [1m[36mActiveRecord::InternalMetadata Load (0.7ms)[0m  [1m[34mSELECT  "ar_internal_metadata".* FROM "ar_internal_metadata" WHERE "ar_internal_metadata"."key" = $1 LIMIT $2[0m  [["key", "environment"], ["LIMIT", 1]]
  ↳ bin/rails:9
  [1m[35m (0.2ms)[0m  [1m[35mBEGIN[0m
  ↳ bin/rails:9
  [1m[36mActiveRecord::InternalMetadata Create (0.6ms)[0m  [1m[32mINSERT INTO "ar_internal_metadata" ("key", "value", "created_at", "updated_at") VALUES ($1, $2, $3, $4) RETURNING "key"[0m  [["key", "environment"], ["value", "development"], ["created_at", "2019-09-25 22:00:49.246061"], ["updated_at", "2019-09-25 22:00:49.246061"]]
  ↳ bin/rails:9
  [1m[35m (0.3ms)[0m  [1m[35mCOMMIT[0m
  ↳ bin/rails:9
  [1m[35m (0.3ms)[0m  [1m[34mSELECT pg_advisory_unlock(3720332768348667345)[0m
  ↳ bin/rails:9
  [1m[35m (0.8ms)[0m  [1m[34mSELECT "schema_migrations"."version" FROM "schema_migrations" ORDER BY "schema_migrations"."version" ASC[0m
  ↳ bin/rails:9
  [1m[35m (0.3ms)[0m  [1m[35mBEGIN[0m
  [1m[36mUser Create (1.3ms)[0m  [1m[32mINSERT INTO "users" ("name", "email", "created_at", "updated_at") VALUES ($1, $2, $3, $4) RETURNING "id"[0m  [["name", "Phill"], ["email", "phill@gmail.com"], ["created_at", "2019-09-25 22:03:54.558909"], ["updated_at", "2019-09-25 22:03:54.558909"]]
  [1m[35m (0.5ms)[0m  [1m[35mCOMMIT[0m
  [1m[36mUser Load (0.6ms)[0m  [1m[34mSELECT  "users".* FROM "users" LIMIT $1[0m  [["LIMIT", 11]]
  [1m[35m (0.2ms)[0m  [1m[35mBEGIN[0m
  [1m[36mUser Create (0.5ms)[0m  [1m[32mINSERT INTO "users" ("name", "email", "created_at", "updated_at") VALUES ($1, $2, $3, $4) RETURNING "id"[0m  [["name", "Renata"], ["email", "renata@gl.com"], ["created_at", "2019-09-25 22:06:30.338643"], ["updated_at", "2019-09-25 22:06:30.338643"]]
  [1m[35m (2.1ms)[0m  [1m[35mCOMMIT[0m
  [1m[36mUser Load (0.7ms)[0m  [1m[34mSELECT  "users".* FROM "users" LIMIT $1[0m  [["LIMIT", 11]]
  [1m[35m (0.2ms)[0m  [1m[35mBEGIN[0m
  [1m[36mUser Create (1.0ms)[0m  [1m[32mINSERT INTO "users" ("name", "email", "created_at", "updated_at") VALUES ($1, $2, $3, $4) RETURNING "id"[0m  [["name", "Dog"], ["email", "manbestfriend@world.com"], ["created_at", "2019-09-25 22:07:08.778588"], ["updated_at", "2019-09-25 22:07:08.778588"]]
  [1m[35m (2.0ms)[0m  [1m[35mCOMMIT[0m
  [1m[36mUser Load (0.6ms)[0m  [1m[34mSELECT  "users".* FROM "users" LIMIT $1[0m  [["LIMIT", 11]]
Started GET "/users" for ::1 at 2019-09-25 15:09:11 -0700
  [1m[35m (1.2ms)[0m  [1m[34mSELECT "schema_migrations"."version" FROM "schema_migrations" ORDER BY "schema_migrations"."version" ASC[0m
  ↳ /Users/appacademy/.rbenv/versions/2.5.1/lib/ruby/gems/2.5.0/gems/activerecord-5.2.3/lib/active_record/log_subscriber.rb:98
Processing by UsersController#index as */*
  Parameters: {"some_category"=>{"a_key"=>" another value", "a_second_key"=>"yet another value", "inner_inner_hash"=>{"key"=>{"test"=>"value"}}}}
  [1m[36mUser Load (0.8ms)[0m  [1m[34mSELECT "users".* FROM "users"[0m
  ↳ app/controllers/users_controller.rb:5
Completed 200 OK in 27ms (Views: 15.2ms | ActiveRecord: 9.4ms)


Started GET "/users" for ::1 at 2019-09-25 15:09:37 -0700
Processing by UsersController#index as */*
  Parameters: {"some_category"=>{"a_key"=>" another value", "a_second_key"=>"yet another value", "inner_inner_hash"=>{"key"=>{"test"=>"value"}}}}
  [1m[36mUser Load (0.6ms)[0m  [1m[34mSELECT "users".* FROM "users"[0m
  ↳ app/controllers/users_controller.rb:5
Completed 200 OK in 4ms (Views: 3.4ms | ActiveRecord: 0.6ms)


Started POST "/users" for ::1 at 2019-09-25 15:22:10 -0700
Processing by UsersController#create as */*
  Parameters: {"users"=>{"name"=>"Miles", "email"=>"miles@aa.com"}}
Completed 400 Bad Request in 3ms (ActiveRecord: 0.0ms)


  
ActionController::ParameterMissing (param is missing or the value is empty: user):
  
app/controllers/users_controller.rb:10:in `create'
Started POST "/users" for ::1 at 2019-09-25 15:22:45 -0700
Processing by UsersController#create as */*
  Parameters: {"name"=>"Miles", "email"=>"miles@aa.com"}
Completed 400 Bad Request in 1ms (ActiveRecord: 0.0ms)


  
ActionController::ParameterMissing (param is missing or the value is empty: user):
  
app/controllers/users_controller.rb:10:in `create'
Started POST "/users" for ::1 at 2019-09-25 15:23:10 -0700
Processing by UsersController#create as */*
  Parameters: {"user"=>{"name"=>"Miles", "email"=>"miles@aa.com"}}
  [1m[35m (0.4ms)[0m  [1m[35mBEGIN[0m
  ↳ app/controllers/users_controller.rb:12
  [1m[36mUser Create (1.6ms)[0m  [1m[32mINSERT INTO "users" ("name", "email", "created_at", "updated_at") VALUES ($1, $2, $3, $4) RETURNING "id"[0m  [["name", "Miles"], ["email", "miles@aa.com"], ["created_at", "2019-09-25 22:23:10.427317"], ["updated_at", "2019-09-25 22:23:10.427317"]]
  ↳ app/controllers/users_controller.rb:12
  [1m[35m (0.5ms)[0m  [1m[35mCOMMIT[0m
  ↳ app/controllers/users_controller.rb:12
Completed 200 OK in 38ms (Views: 0.7ms | ActiveRecord: 23.2ms)


Started POST "/users" for ::1 at 2019-09-25 15:26:18 -0700
Processing by UsersController#create as */*
  Parameters: {"user"=>{"name"=>"Miles"}}
  [1m[35m (0.3ms)[0m  [1m[35mBEGIN[0m
  ↳ app/controllers/users_controller.rb:12
  [1m[36mUser Create (1.7ms)[0m  [1m[32mINSERT INTO "users" ("name", "created_at", "updated_at") VALUES ($1, $2, $3) RETURNING "id"[0m  [["name", "Miles"], ["created_at", "2019-09-25 22:26:18.606643"], ["updated_at", "2019-09-25 22:26:18.606643"]]
  ↳ app/controllers/users_controller.rb:12
  [1m[35m (0.2ms)[0m  [1m[31mROLLBACK[0m
  ↳ app/controllers/users_controller.rb:12
Completed 500 Internal Server Error in 30ms (ActiveRecord: 12.5ms)


  
ActiveRecord::NotNullViolation (PG::NotNullViolation: ERROR:  null value in column "email" violates not-null constraint
DETAIL:  Failing row contains (5, Miles, null, 2019-09-25 22:26:18.606643, 2019-09-25 22:26:18.606643).
: INSERT INTO "users" ("name", "created_at", "updated_at") VALUES ($1, $2, $3) RETURNING "id"):
  
app/controllers/users_controller.rb:12:in `create'
Started POST "/users" for ::1 at 2019-09-25 15:28:21 -0700
Processing by UsersController#create as */*
  Parameters: {"user"=>{"name"=>"Miles"}}
  [1m[35m (0.2ms)[0m  [1m[35mBEGIN[0m
  ↳ app/controllers/users_controller.rb:12
  [1m[36mUser Create (1.7ms)[0m  [1m[32mINSERT INTO "users" ("name", "created_at", "updated_at") VALUES ($1, $2, $3) RETURNING "id"[0m  [["name", "Miles"], ["created_at", "2019-09-25 22:28:21.696200"], ["updated_at", "2019-09-25 22:28:21.696200"]]
  ↳ app/controllers/users_controller.rb:12
  [1m[35m (0.3ms)[0m  [1m[31mROLLBACK[0m
  ↳ app/controllers/users_controller.rb:12
Completed 500 Internal Server Error in 45ms (ActiveRecord: 18.7ms)


  
ActiveRecord::NotNullViolation (PG::NotNullViolation: ERROR:  null value in column "email" violates not-null constraint
DETAIL:  Failing row contains (6, Miles, null, 2019-09-25 22:28:21.6962, 2019-09-25 22:28:21.6962).
: INSERT INTO "users" ("name", "created_at", "updated_at") VALUES ($1, $2, $3) RETURNING "id"):
  
app/controllers/users_controller.rb:12:in `create'
Started POST "/users" for ::1 at 2019-09-25 15:34:21 -0700
Processing by UsersController#create as */*
  Parameters: {"user"=>{"name"=>"Miles"}}
  [1m[35m (0.2ms)[0m  [1m[35mBEGIN[0m
  ↳ app/controllers/users_controller.rb:12
  [1m[35m (0.4ms)[0m  [1m[31mROLLBACK[0m
  ↳ app/controllers/users_controller.rb:12
Completed 422 Unprocessable Entity in 50ms (Views: 0.3ms | ActiveRecord: 18.3ms)


  [1m[35m (1.0ms)[0m  [1m[34mSELECT "schema_migrations"."version" FROM "schema_migrations" ORDER BY "schema_migrations"."version" ASC[0m
  ↳ /Users/appacademy/.rbenv/versions/2.5.1/bin/annotate:23
  [1m[35m (0.4ms)[0m  [1m[34mSELECT pg_try_advisory_lock(3720332768348667345)[0m
  ↳ bin/rails:9
  [1m[35m (1.1ms)[0m  [1m[34mSELECT "schema_migrations"."version" FROM "schema_migrations" ORDER BY "schema_migrations"."version" ASC[0m
  ↳ bin/rails:9
Migrating to ChangeColumnName (20190925230703)
  [1m[35m (0.2ms)[0m  [1m[35mBEGIN[0m
  ↳ bin/rails:9
  [1m[35m (0.7ms)[0m  [1m[35mALTER TABLE "users" RENAME COLUMN "name" TO "username"[0m
  ↳ db/migrate/20190925230703_change_column_name.rb:4
  [1m[36mActiveRecord::SchemaMigration Create (0.5ms)[0m  [1m[32mINSERT INTO "schema_migrations" ("version") VALUES ($1) RETURNING "version"[0m  [["version", "20190925230703"]]
  ↳ bin/rails:9
  [1m[35m (2.0ms)[0m  [1m[35mCOMMIT[0m
  ↳ bin/rails:9
  [1m[36mActiveRecord::InternalMetadata Load (0.5ms)[0m  [1m[34mSELECT  "ar_internal_metadata".* FROM "ar_internal_metadata" WHERE "ar_internal_metadata"."key" = $1 LIMIT $2[0m  [["key", "environment"], ["LIMIT", 1]]
  ↳ bin/rails:9
  [1m[35m (0.2ms)[0m  [1m[35mBEGIN[0m
  ↳ bin/rails:9
  [1m[35m (0.2ms)[0m  [1m[35mCOMMIT[0m
  ↳ bin/rails:9
  [1m[35m (0.3ms)[0m  [1m[34mSELECT pg_advisory_unlock(3720332768348667345)[0m
  ↳ bin/rails:9
  [1m[35m (0.3ms)[0m  [1m[34mSELECT "schema_migrations"."version" FROM "schema_migrations" ORDER BY "schema_migrations"."version" ASC[0m
  ↳ bin/rails:9
  [1m[35m (0.4ms)[0m  [1m[34mSELECT pg_try_advisory_lock(3720332768348667345)[0m
  ↳ bin/rails:9
  [1m[35m (1.1ms)[0m  [1m[34mSELECT "schema_migrations"."version" FROM "schema_migrations" ORDER BY "schema_migrations"."version" ASC[0m
  ↳ bin/rails:9
Migrating to RemoveEmailColumnAndAddUniqToUsername (20190925231119)
  [1m[35m (0.2ms)[0m  [1m[35mBEGIN[0m
  ↳ bin/rails:9
  [1m[35m (3.9ms)[0m  [1m[35mALTER TABLE "users" DROP COLUMN "email"[0m
  ↳ db/migrate/20190925231119_remove_email_column_and_add_uniq_to_username.rb:4
  [1m[35m (1.7ms)[0m  [1m[35mCREATE UNIQUE INDEX  "index_users_on_username" ON "users"  ("username")[0m
  ↳ db/migrate/20190925231119_remove_email_column_and_add_uniq_to_username.rb:7
  [1m[36mActiveRecord::SchemaMigration Create (0.6ms)[0m  [1m[32mINSERT INTO "schema_migrations" ("version") VALUES ($1) RETURNING "version"[0m  [["version", "20190925231119"]]
  ↳ bin/rails:9
  [1m[35m (0.5ms)[0m  [1m[35mCOMMIT[0m
  ↳ bin/rails:9
  [1m[36mActiveRecord::InternalMetadata Load (0.5ms)[0m  [1m[34mSELECT  "ar_internal_metadata".* FROM "ar_internal_metadata" WHERE "ar_internal_metadata"."key" = $1 LIMIT $2[0m  [["key", "environment"], ["LIMIT", 1]]
  ↳ bin/rails:9
  [1m[35m (0.2ms)[0m  [1m[35mBEGIN[0m
  ↳ bin/rails:9
  [1m[35m (0.2ms)[0m  [1m[35mCOMMIT[0m
  ↳ bin/rails:9
  [1m[35m (0.3ms)[0m  [1m[34mSELECT pg_advisory_unlock(3720332768348667345)[0m
  ↳ bin/rails:9
  [1m[35m (0.4ms)[0m  [1m[34mSELECT "schema_migrations"."version" FROM "schema_migrations" ORDER BY "schema_migrations"."version" ASC[0m
  ↳ bin/rails:9
  [1m[35m (0.3ms)[0m  [1m[35mBEGIN[0m
  [1m[36mUser Exists (1.5ms)[0m  [1m[34mSELECT  1 AS one FROM "users" WHERE "users"."username" = $1 LIMIT $2[0m  [["username", "phill"], ["LIMIT", 1]]
  [1m[36mUser Create (0.9ms)[0m  [1m[32mINSERT INTO "users" ("username", "created_at", "updated_at") VALUES ($1, $2, $3) RETURNING "id"[0m  [["username", "phill"], ["created_at", "2019-09-25 23:15:23.576213"], ["updated_at", "2019-09-25 23:15:23.576213"]]
  [1m[35m (2.2ms)[0m  [1m[35mCOMMIT[0m
  [1m[36mUser Load (0.6ms)[0m  [1m[34mSELECT  "users".* FROM "users" LIMIT $1[0m  [["LIMIT", 11]]
  [1m[35m (0.3ms)[0m  [1m[35mBEGIN[0m
  [1m[36mUser Exists (0.9ms)[0m  [1m[34mSELECT  1 AS one FROM "users" WHERE "users"."username" = $1 AND "users"."id" != $2 LIMIT $3[0m  [["username", "phill"], ["id", 7], ["LIMIT", 1]]
  [1m[35m (0.4ms)[0m  [1m[35mCOMMIT[0m
  [1m[36mUser Load (0.7ms)[0m  [1m[34mSELECT  "users".* FROM "users" LIMIT $1[0m  [["LIMIT", 11]]
  [1m[35m (0.2ms)[0m  [1m[35mBEGIN[0m
  [1m[36mUser Exists (0.6ms)[0m  [1m[34mSELECT  1 AS one FROM "users" WHERE "users"."username" = $1 LIMIT $2[0m  [["username", "Miles"], ["LIMIT", 1]]
  [1m[35m (0.3ms)[0m  [1m[31mROLLBACK[0m
  [1m[35m (0.3ms)[0m  [1m[34mSELECT pg_try_advisory_lock(3720332768348667345)[0m
  ↳ bin/rails:9
  [1m[35m (1.0ms)[0m  [1m[34mSELECT "schema_migrations"."version" FROM "schema_migrations" ORDER BY "schema_migrations"."version" ASC[0m
  ↳ bin/rails:9
Migrating to CreateArtworks (20190925232405)
  [1m[35m (0.2ms)[0m  [1m[35mBEGIN[0m
  ↳ bin/rails:9
  [1m[35m (6.9ms)[0m  [1m[35mCREATE TABLE "artworks" ("id" bigserial primary key, "title" character varying NOT NULL, "image_url" character varying NOT NULL, "artist_id" integer NOT NULL, "created_at" timestamp NOT NULL, "updated_at" timestamp NOT NULL)[0m
  ↳ db/migrate/20190925232405_create_artworks.rb:3
  [1m[35m (1.5ms)[0m  [1m[35mCREATE UNIQUE INDEX  "index_artworks_on_artist_id_and_title" ON "artworks"  ("artist_id", "title")[0m
  ↳ db/migrate/20190925232405_create_artworks.rb:10
  [1m[36mActiveRecord::SchemaMigration Create (0.6ms)[0m  [1m[32mINSERT INTO "schema_migrations" ("version") VALUES ($1) RETURNING "version"[0m  [["version", "20190925232405"]]
  ↳ bin/rails:9
  [1m[35m (0.7ms)[0m  [1m[35mCOMMIT[0m
  ↳ bin/rails:9
  [1m[36mActiveRecord::InternalMetadata Load (0.6ms)[0m  [1m[34mSELECT  "ar_internal_metadata".* FROM "ar_internal_metadata" WHERE "ar_internal_metadata"."key" = $1 LIMIT $2[0m  [["key", "environment"], ["LIMIT", 1]]
  ↳ bin/rails:9
  [1m[35m (0.3ms)[0m  [1m[35mBEGIN[0m
  ↳ bin/rails:9
  [1m[35m (0.2ms)[0m  [1m[35mCOMMIT[0m
  ↳ bin/rails:9
  [1m[35m (0.4ms)[0m  [1m[34mSELECT pg_advisory_unlock(3720332768348667345)[0m
  ↳ bin/rails:9
  [1m[35m (0.4ms)[0m  [1m[34mSELECT "schema_migrations"."version" FROM "schema_migrations" ORDER BY "schema_migrations"."version" ASC[0m
  ↳ bin/rails:9
  [1m[35m (0.2ms)[0m  [1m[35mBEGIN[0m
  [1m[36mArtwork Exists (1.7ms)[0m  [1m[34mSELECT  1 AS one FROM "artworks" WHERE "artworks"."artist_id" = $1 AND "artworks"."title" = $2 LIMIT $3[0m  [["artist_id", 3], ["title", "Two"], ["LIMIT", 1]]
  [1m[36mArtwork Create (0.9ms)[0m  [1m[32mINSERT INTO "artworks" ("title", "image_url", "artist_id", "created_at", "updated_at") VALUES ($1, $2, $3, $4, $5) RETURNING "id"[0m  [["title", "Two"], ["image_url", "gwewej"], ["artist_id", 3], ["created_at", "2019-09-25 23:42:55.920277"], ["updated_at", "2019-09-25 23:42:55.920277"]]
  [1m[35m (2.1ms)[0m  [1m[35mCOMMIT[0m
  [1m[35m (0.2ms)[0m  [1m[35mBEGIN[0m
  [1m[36mArtwork Exists (0.7ms)[0m  [1m[34mSELECT  1 AS one FROM "artworks" WHERE "artworks"."artist_id" = $1 AND "artworks"."title" = $2 LIMIT $3[0m  [["artist_id", 3], ["title", "Two"], ["LIMIT", 1]]
  [1m[35m (0.3ms)[0m  [1m[31mROLLBACK[0m
  [1m[35m (0.2ms)[0m  [1m[35mBEGIN[0m
  [1m[36mArtwork Exists (0.6ms)[0m  [1m[34mSELECT  1 AS one FROM "artworks" WHERE "artworks"."artist_id" = $1 AND "artworks"."title" = $2 LIMIT $3[0m  [["artist_id", 4], ["title", "Two"], ["LIMIT", 1]]
  [1m[36mArtwork Create (0.7ms)[0m  [1m[32mINSERT INTO "artworks" ("title", "image_url", "artist_id", "created_at", "updated_at") VALUES ($1, $2, $3, $4, $5) RETURNING "id"[0m  [["title", "Two"], ["image_url", "dsghfja"], ["artist_id", 4], ["created_at", "2019-09-25 23:44:30.125932"], ["updated_at", "2019-09-25 23:44:30.125932"]]
  [1m[35m (2.0ms)[0m  [1m[35mCOMMIT[0m
  [1m[35m (0.3ms)[0m  [1m[35mBEGIN[0m
  [1m[36mArtwork Exists (0.7ms)[0m  [1m[34mSELECT  1 AS one FROM "artworks" WHERE "artworks"."artist_id" = $1 AND "artworks"."title" = $2 LIMIT $3[0m  [["artist_id", 4], ["title", "Two"], ["LIMIT", 1]]
  [1m[35m (0.3ms)[0m  [1m[31mROLLBACK[0m
  [1m[35m (0.3ms)[0m  [1m[35mBEGIN[0m
  [1m[36mArtwork Exists (0.7ms)[0m  [1m[34mSELECT  1 AS one FROM "artworks" WHERE "artworks"."artist_id" = $1 AND "artworks"."title" = $2 LIMIT $3[0m  [["artist_id", 4], ["title", "Two"], ["LIMIT", 1]]
  [1m[35m (0.3ms)[0m  [1m[31mROLLBACK[0m
  [1m[36mArtwork Load (0.5ms)[0m  [1m[34mSELECT  "artworks".* FROM "artworks" LIMIT $1[0m  [["LIMIT", 11]]
  [1m[35m (0.2ms)[0m  [1m[35mBEGIN[0m
  [1m[36mArtwork Exists (0.8ms)[0m  [1m[34mSELECT  1 AS one FROM "artworks" WHERE "artworks"."artist_id" = $1 AND "artworks"."title" = $2 LIMIT $3[0m  [["artist_id", 3], ["title", "Three"], ["LIMIT", 1]]
  [1m[36mArtwork Create (0.5ms)[0m  [1m[32mINSERT INTO "artworks" ("title", "image_url", "artist_id", "created_at", "updated_at") VALUES ($1, $2, $3, $4, $5) RETURNING "id"[0m  [["title", "Three"], ["image_url", "sadgja"], ["artist_id", 3], ["created_at", "2019-09-25 23:46:16.692338"], ["updated_at", "2019-09-25 23:46:16.692338"]]
  [1m[35m (2.0ms)[0m  [1m[35mCOMMIT[0m
  [1m[35m (0.2ms)[0m  [1m[35mBEGIN[0m
  [1m[36mArtwork Create (2.0ms)[0m  [1m[32mINSERT INTO "artworks" ("title", "image_url", "artist_id", "created_at", "updated_at") VALUES ($1, $2, $3, $4, $5) RETURNING "id"[0m  [["title", "Two"], ["image_url", "kjfhaks"], ["artist_id", 3], ["created_at", "2019-09-25 23:58:27.551701"], ["updated_at", "2019-09-25 23:58:27.551701"]]
  [1m[35m (0.1ms)[0m  [1m[31mROLLBACK[0m
  [1m[35m (0.3ms)[0m  [1m[34mSELECT pg_try_advisory_lock(3720332768348667345)[0m
  ↳ bin/rails:9
  [1m[35m (1.0ms)[0m  [1m[34mSELECT "schema_migrations"."version" FROM "schema_migrations" ORDER BY "schema_migrations"."version" ASC[0m
  ↳ bin/rails:9
Migrating to CreateArtworkShares (20190925235322)
  [1m[35m (0.2ms)[0m  [1m[35mBEGIN[0m
  ↳ bin/rails:9
  [1m[35m (6.0ms)[0m  [1m[35mCREATE TABLE "artwork_shares" ("id" bigserial primary key, "artwork_id" integer NOT NULL, "viewer_id" integer NOT NULL, "created_at" timestamp NOT NULL, "updated_at" timestamp NOT NULL)[0m
  ↳ db/migrate/20190925235322_create_artwork_shares.rb:3
  [1m[35m (1.9ms)[0m  [1m[35mCREATE UNIQUE INDEX  "index_artworks_shares_on_artwork_id_and_viewer_id" ON "artworks_shares"  ("artwork_id", "viewer_id")[0m
  ↳ db/migrate/20190925235322_create_artwork_shares.rb:9
  [1m[35m (0.1ms)[0m  [1m[31mROLLBACK[0m
  ↳ bin/rails:9
  [1m[35m (0.3ms)[0m  [1m[34mSELECT pg_advisory_unlock(3720332768348667345)[0m
  ↳ bin/rails:9
  [1m[35m (0.5ms)[0m  [1m[34mSELECT pg_try_advisory_lock(3720332768348667345)[0m
  ↳ bin/rails:9
  [1m[35m (1.0ms)[0m  [1m[34mSELECT "schema_migrations"."version" FROM "schema_migrations" ORDER BY "schema_migrations"."version" ASC[0m
  ↳ bin/rails:9
Migrating to CreateArtworkShares (20190925235322)
  [1m[35m (0.4ms)[0m  [1m[35mBEGIN[0m
  ↳ bin/rails:9
  [1m[35m (5.7ms)[0m  [1m[35mCREATE TABLE "artwork_shares" ("id" bigserial primary key, "artwork_id" integer NOT NULL, "viewer_id" integer NOT NULL, "created_at" timestamp NOT NULL, "updated_at" timestamp NOT NULL)[0m
  ↳ db/migrate/20190925235322_create_artwork_shares.rb:3
  [1m[35m (1.3ms)[0m  [1m[35mCREATE UNIQUE INDEX  "index_artwork_shares_on_artwork_id_and_viewer_id" ON "artwork_shares"  ("artwork_id", "viewer_id")[0m
  ↳ db/migrate/20190925235322_create_artwork_shares.rb:9
  [1m[36mActiveRecord::SchemaMigration Create (0.6ms)[0m  [1m[32mINSERT INTO "schema_migrations" ("version") VALUES ($1) RETURNING "version"[0m  [["version", "20190925235322"]]
  ↳ bin/rails:9
  [1m[35m (0.6ms)[0m  [1m[35mCOMMIT[0m
  ↳ bin/rails:9
  [1m[36mActiveRecord::InternalMetadata Load (0.5ms)[0m  [1m[34mSELECT  "ar_internal_metadata".* FROM "ar_internal_metadata" WHERE "ar_internal_metadata"."key" = $1 LIMIT $2[0m  [["key", "environment"], ["LIMIT", 1]]
  ↳ bin/rails:9
  [1m[35m (0.2ms)[0m  [1m[35mBEGIN[0m
  ↳ bin/rails:9
  [1m[35m (0.2ms)[0m  [1m[35mCOMMIT[0m
  ↳ bin/rails:9
  [1m[35m (0.3ms)[0m  [1m[34mSELECT pg_advisory_unlock(3720332768348667345)[0m
  ↳ bin/rails:9
  [1m[35m (0.3ms)[0m  [1m[34mSELECT "schema_migrations"."version" FROM "schema_migrations" ORDER BY "schema_migrations"."version" ASC[0m
  ↳ bin/rails:9
